$ ./pomdpsol ../examples/POMDPX/Tiger.pomdpx 

Loading the model ...
  input file   : ../examples/POMDPX/Tiger.pomdpx
  loading time : 0.00s 

SARSOP initializing ...
  initialization time : 0.00s

-------------------------------------------------------------------------------
 Time   |#Trial |#Backup |LBound    |UBound    |Precision  |#Alphas |#Beliefs  
-------------------------------------------------------------------------------
 0       0       0        -20        92.8206    112.821     3        1        
 0       2       51       -6.2981    63.1396    69.4377     7        16       
 0       4       103      0.149651   52.2764    52.1268     9        21       
 0.01    6       151      6.19248    42.0546    35.8621     9        21       
 0.01    8       200      10.3563    35.232     24.8757     12       21       
 0.01    11      250      14.0433    29.5471    15.5037     6        21       
 0.01    14      300      16.545     25.0926    8.54759     10       21       
 0.01    17      350      18.2281    21.8163    3.5882      14       21       
 0.01    20      405      18.931     20.3943    1.46327     5        21       
 0.01    22      450      19.1836    19.8073    0.623679    8        21       
 0.02    24      500      19.2997    19.5379    0.238203    14       21       
 0.02    27      553      19.3465    19.4328    0.0863042   5        21       
 0.02    29      600      19.3611    19.3967    0.0356261   8        21       
 0.02    31      650      19.3674    19.3811    0.0136197   14       21       
 0.02    34      707      19.3701    19.3745    0.00433893  5        21       
 0.02    36      751      19.3708    19.3727    0.00184815  5        21       
 0.02    38      784      19.3711    19.3721    0.000984901 5        21       
-------------------------------------------------------------------------------

SARSOP finishing ...
  target precision reached
  target precision  : 0.001000
  precision reached : 0.000985 

-------------------------------------------------------------------------------
 Time   |#Trial |#Backup |LBound    |UBound    |Precision  |#Alphas |#Beliefs  
-------------------------------------------------------------------------------
 0.02    38      784      19.3711    19.3721    0.000984901 5        21       
-------------------------------------------------------------------------------

Writing out policy ...
  output file : out.policy


$ ./pomdpsim --simLen 100 --simNum 1000 --policy-file out.policy ../examples/POMDPX/Tiger.pomdpx 

Loading the model ...
  input file   : ../examples/POMDPX/Tiger.pomdpx

Loading the policy ...
  input file   : out.policy

Simulating ...
  action selection :  one-step look ahead

-----------------------------------
 #Simulations  | Exp Total Reward  
-----------------------------------
 100             19.4321
 200             19.9388
 300             20.4638
 400             19.6825
 500             19.1856
 600             18.8969
 700             18.7597
 800             18.79
 900             18.5882
 1000            18.2641
-----------------------------------

Finishing ...

-------------------------------------------------------------
 #Simulations  | Exp Total Reward | 95% Confidence Interval 
-------------------------------------------------------------
 1000            18.2641            (16.3827, 20.1455)
-------------------------------------------------------------

$ ./pomdpeval --simLen 100 --simNum 1000 --policy-file out.policy ../examples/POMDPX/Tiger.pomdpx

Loading the model ...
  input file   : ../examples/POMDPX/Tiger.pomdpx

Loading the policy ...
  input file   : out.policy

Simulating ...
  action selection :  one-step look ahead

-----------------------------------
 #Simulations  | Exp Total Reward  
-----------------------------------
 100             19.0449
 200             19.1763
 300             19.2118
 400             19.195
 500             19.2274
 600             19.1437
 700             19.1721
 800             19.1837
 900             19.2463
 1000            19.262
-----------------------------------

Finishing ...

-------------------------------------------------------------
 #Simulations  | Exp Total Reward | 95% Confidence Interval 
-------------------------------------------------------------
 1000            19.262             (18.9875, 19.5366)
-------------------------------------------------------------

$ ./polgraph --policy-file out.policy --policy-graph tiger.dot ../examples/POMDPX/Tiger.pomdpx
input file   : ../examples/POMDPX/Tiger.pomdpx
Use one-step look ahead
